<?xml version="1.0" encoding="UTF-8"?>
<!-- Generated by org.testng.reporters.JUnitReportReporter -->
<testsuite hostname="Venkataraghavan-Pillay" failures="0" tests="1" name="testcase.LoginTest" time="19.946" errors="0" timestamp="2025-09-23T23:07:25 IST" skipped="0">
  <testcase classname="testcase.LoginTest" name="verifyLoginTest" time="19.946"/>
</testsuite> <!-- testcase.LoginTest -->
