<?xml version="1.0" encoding="UTF-8"?>
<!-- Generated by org.testng.reporters.JUnitReportReporter -->
<testsuite hostname="Venkataraghavan-Pillay" failures="0" tests="1" name="testCase.LoginTest" time="5.454" errors="0" timestamp="2025-09-24T02:05:26 IST" skipped="0">
  <testcase classname="testCase.LoginTest" name="testLoginAndCheckout" time="5.454"/>
</testsuite> <!-- testCase.LoginTest -->
