<?xml version="1.0" encoding="UTF-8"?>
<!-- Generated by org.testng.reporters.JUnitReportReporter -->
<testsuite hostname="Venkataraghavan-Pillay" failures="0" tests="1" name="tests.LoginTest" time="3.894" errors="0" timestamp="2025-09-28T18:03:13 IST" skipped="0">
  <testcase classname="tests.LoginTest" name="validLoginTest" time="3.894"/>
</testsuite> <!-- tests.LoginTest -->
