<?xml version="1.0" encoding="UTF-8"?>
<!-- Generated by org.testng.reporters.JUnitReportReporter -->
<testsuite hostname="Venkataraghavan-Pillay" failures="0" tests="3" name="runner.LoginRunner" time="14.148" errors="0" timestamp="2025-09-24T22:59:57 IST" skipped="0">
  <testcase classname="runner.LoginRunner" name="runScenario" time="8.860"/>
  <testcase classname="runner.LoginRunner" name="runScenario" time="2.638"/>
  <testcase classname="runner.LoginRunner" name="runScenario" time="2.650"/>
</testsuite> <!-- runner.LoginRunner -->
